TN:
SF:/Users/cliffano/dev/workspace/repoman/lib/cli.js
FN:8,_config
FN:40,_exec
FN:66,_list
FN:78,(anonymous_4)
FN:79,(anonymous_5)
FN:85,_clean
FN:91,_confirm
FN:94,(anonymous_8)
FN:107,(anonymous_9)
FN:125,exec
FNF:10
FNH:10
FNDA:5,_config
FNDA:4,_exec
FNDA:2,_list
FNDA:2,(anonymous_4)
FNDA:2,(anonymous_5)
FNDA:5,_clean
FNDA:3,_confirm
FNDA:3,(anonymous_8)
FNDA:5,(anonymous_9)
FNDA:17,exec
DA:1,1
DA:2,1
DA:3,1
DA:4,1
DA:5,1
DA:6,1
DA:8,1
DA:9,5
DA:11,5
DA:12,1
DA:17,4
DA:18,1
DA:25,3
DA:26,1
DA:31,2
DA:32,1
DA:37,5
DA:40,1
DA:42,4
DA:46,4
DA:47,3
DA:48,3
DA:51,4
DA:52,4
DA:53,4
DA:54,1
DA:57,4
DA:58,4
DA:59,4
DA:60,4
DA:61,4
DA:63,4
DA:66,1
DA:68,2
DA:69,2
DA:70,2
DA:71,1
DA:74,2
DA:75,2
DA:76,2
DA:78,2
DA:79,2
DA:80,2
DA:85,1
DA:87,5
DA:88,5
DA:89,5
DA:91,1
DA:93,3
DA:94,3
DA:96,3
DA:97,3
DA:98,3
DA:99,1
DA:101,2
DA:102,2
DA:107,5
DA:108,5
DA:109,4
DA:110,3
DA:111,3
DA:113,1
DA:114,1
DA:117,1
DA:125,1
DA:127,17
DA:142,17
DA:145,1
LF:68
LH:68
BRDA:11,1,0,1
BRDA:11,1,1,4
BRDA:11,2,0,5
BRDA:11,2,1,4
BRDA:17,3,0,1
BRDA:17,3,1,3
BRDA:17,4,0,4
BRDA:17,4,1,3
BRDA:17,4,2,3
BRDA:17,4,3,3
BRDA:25,5,0,1
BRDA:25,5,1,2
BRDA:25,6,0,3
BRDA:25,6,1,2
BRDA:31,7,0,1
BRDA:31,7,1,1
BRDA:46,8,0,3
BRDA:46,8,1,1
BRDA:53,9,0,1
BRDA:53,9,1,3
BRDA:57,10,0,4
BRDA:57,10,1,3
BRDA:58,11,0,1
BRDA:58,11,1,3
BRDA:60,12,0,1
BRDA:60,12,1,3
BRDA:60,13,0,4
BRDA:60,13,1,4
BRDA:60,13,2,4
BRDA:70,14,0,1
BRDA:70,14,1,1
BRDA:74,15,0,1
BRDA:74,15,1,1
BRDA:74,16,0,2
BRDA:74,16,1,2
BRDA:74,16,2,2
BRDA:87,17,0,4
BRDA:87,17,1,1
BRDA:87,18,0,5
BRDA:87,18,1,5
BRDA:87,18,2,5
BRDA:97,19,0,2
BRDA:97,19,1,1
BRDA:98,20,0,1
BRDA:98,20,1,2
BRDA:108,21,0,4
BRDA:108,21,1,1
BRDA:109,22,0,3
BRDA:109,22,1,1
BRF:49
BRH:49
end_of_record
TN:
SF:/Users/cliffano/dev/workspace/repoman/lib/repoman.js
FN:21,Repoman
FN:33,(anonymous_2)
FN:35,_saveConfig
FN:96,(anonymous_4)
FN:106,(anonymous_5)
FN:113,(anonymous_6)
FN:115,(anonymous_7)
FN:134,(anonymous_8)
FN:137,(anonymous_9)
FN:152,(anonymous_10)
FN:154,_dryRun
FN:155,(anonymous_12)
FN:161,_delete
FN:163,(anonymous_14)
FN:165,(anonymous_15)
FN:175,(anonymous_16)
FN:197,(anonymous_17)
FN:199,_checkKeywords
FN:239,(anonymous_19)
FN:241,selectByTags
FN:251,selectByRegex
FNF:21
FNH:21
FNDA:38,Repoman
FNDA:7,(anonymous_2)
FNDA:6,_saveConfig
FNDA:6,(anonymous_4)
FNDA:10,(anonymous_5)
FNDA:6,(anonymous_6)
FNDA:6,(anonymous_7)
FNDA:3,(anonymous_8)
FNDA:6,(anonymous_9)
FNDA:3,(anonymous_10)
FNDA:1,_dryRun
FNDA:4,(anonymous_12)
FNDA:1,_delete
FNDA:4,(anonymous_14)
FNDA:2,(anonymous_15)
FNDA:3,(anonymous_16)
FNDA:11,(anonymous_17)
FNDA:4,_checkKeywords
FNDA:16,(anonymous_19)
FNDA:16,selectByTags
FNDA:12,selectByRegex
DA:1,1
DA:2,1
DA:3,1
DA:4,1
DA:5,1
DA:6,1
DA:7,1
DA:8,1
DA:9,1
DA:10,1
DA:11,1
DA:13,1
DA:21,1
DA:22,38
DA:23,38
DA:33,1
DA:35,1
DA:36,6
DA:37,4
DA:38,1
DA:39,1
DA:41,4
DA:43,2
DA:47,7
DA:49,1
DA:50,1
DA:51,1
DA:53,6
DA:55,2
DA:56,2
DA:57,2
DA:62,4
DA:64,2
DA:65,2
DA:66,2
DA:70,2
DA:72,1
DA:73,1
DA:74,1
DA:78,1
DA:79,1
DA:96,1
DA:98,6
DA:100,6
DA:102,6
DA:103,6
DA:104,6
DA:106,6
DA:108,10
DA:109,6
DA:110,6
DA:111,6
DA:113,6
DA:114,6
DA:115,6
DA:116,6
DA:117,6
DA:123,6
DA:134,1
DA:135,3
DA:136,3
DA:137,3
DA:138,6
DA:139,4
DA:142,3
DA:152,1
DA:154,1
DA:155,1
DA:156,4
DA:158,1
DA:161,1
DA:162,1
DA:163,1
DA:164,4
DA:165,2
DA:166,2
DA:167,2
DA:171,1
DA:174,3
DA:175,3
DA:176,3
DA:177,2
DA:178,1
DA:180,1
DA:183,1
DA:197,1
DA:199,1
DA:200,4
DA:206,4
DA:207,8
DA:208,11
DA:209,3
DA:210,3
DA:214,4
DA:217,11
DA:218,11
DA:219,7
DA:221,4
DA:222,4
DA:223,1
DA:227,11
DA:239,1
DA:241,1
DA:242,16
DA:243,16
DA:246,4
DA:248,16
DA:251,1
DA:252,12
DA:253,12
DA:254,4
DA:255,4
DA:256,2
DA:259,12
DA:262,16
DA:265,1
LF:116
LH:116
BRDA:22,1,0,38
BRDA:22,1,1,16
BRDA:23,2,0,38
BRDA:23,2,1,29
BRDA:36,3,0,4
BRDA:36,3,1,2
BRDA:37,4,0,1
BRDA:37,4,1,3
BRDA:47,5,0,1
BRDA:47,5,1,6
BRDA:53,6,0,2
BRDA:53,6,1,4
BRDA:58,7,0,1
BRDA:58,7,1,1
BRDA:59,8,0,1
BRDA:59,8,1,1
BRDA:62,9,0,2
BRDA:62,9,1,2
BRDA:67,10,0,1
BRDA:67,10,1,1
BRDA:70,11,0,1
BRDA:70,11,1,1
BRDA:98,12,0,6
BRDA:98,12,1,1
BRDA:100,13,0,6
BRDA:100,13,1,6
BRDA:108,14,0,6
BRDA:108,14,1,4
BRDA:110,15,0,2
BRDA:110,15,1,4
BRDA:138,16,0,4
BRDA:138,16,1,2
BRDA:164,17,0,2
BRDA:164,17,1,2
BRDA:164,18,0,4
BRDA:164,18,1,2
BRDA:176,19,0,2
BRDA:176,19,1,1
BRDA:177,20,0,1
BRDA:177,20,1,1
BRDA:208,21,0,3
BRDA:208,21,1,8
BRDA:218,22,0,7
BRDA:218,22,1,4
BRDA:222,23,0,1
BRDA:222,23,1,3
BRDA:243,24,0,4
BRDA:243,24,1,12
BRDA:243,25,0,16
BRDA:243,25,1,6
BRDA:243,25,2,3
BRDA:253,26,0,4
BRDA:253,26,1,8
BRDA:255,27,0,2
BRDA:255,27,1,2
BRDA:255,28,0,4
BRDA:255,28,1,2
BRDA:262,29,0,16
BRDA:262,29,1,12
BRF:59
BRH:59
end_of_record
TN:
SF:/Users/cliffano/dev/workspace/repoman/lib/generator/bitbucket.js
FN:12,Bitbucket
FN:23,(anonymous_2)
FN:27,(anonymous_3)
FN:29,(anonymous_4)
FNF:4
FNH:4
FNDA:5,Bitbucket
FNDA:3,(anonymous_2)
FNDA:3,(anonymous_3)
FNDA:4,(anonymous_4)
DA:1,1
DA:2,1
DA:3,1
DA:12,1
DA:14,5
DA:15,5
DA:23,1
DA:24,3
DA:26,3
DA:27,3
DA:28,3
DA:29,2
DA:30,4
DA:31,3
DA:32,3
DA:34,1
DA:38,3
DA:42,1
LF:18
LH:18
BRDA:28,1,0,2
BRDA:28,1,1,1
BRDA:30,2,0,3
BRDA:30,2,1,1
BRF:4
BRH:4
end_of_record
TN:
SF:/Users/cliffano/dev/workspace/repoman/lib/generator/github.js
FN:13,GitHub
FN:50,(anonymous_2)
FN:55,(anonymous_3)
FN:56,(anonymous_4)
FN:63,(anonymous_5)
FN:74,(anonymous_6)
FN:75,(anonymous_7)
FN:81,(anonymous_8)
FN:91,(anonymous_9)
FN:94,(anonymous_10)
FN:95,(anonymous_11)
FN:104,(anonymous_12)
FN:109,process
FN:117,check
FN:120,_do
FN:121,(anonymous_16)
FN:127,done
FNF:17
FNH:17
FNDA:7,GitHub
FNDA:2,(anonymous_2)
FNDA:2,(anonymous_3)
FNDA:2,(anonymous_4)
FNDA:2,(anonymous_5)
FNDA:2,(anonymous_6)
FNDA:2,(anonymous_7)
FNDA:2,(anonymous_8)
FNDA:2,(anonymous_9)
FNDA:2,(anonymous_10)
FNDA:2,(anonymous_11)
FNDA:1,(anonymous_12)
FNDA:2,process
FNDA:2,check
FNDA:1,_do
FNDA:1,(anonymous_16)
FNDA:1,done
DA:1,1
DA:2,1
DA:3,1
DA:4,1
DA:13,1
DA:15,7
DA:20,7
DA:21,7
DA:22,1
DA:23,1
DA:29,7
DA:31,7
DA:32,1
DA:50,1
DA:51,2
DA:55,2
DA:56,2
DA:58,2
DA:64,2
DA:65,1
DA:67,1
DA:74,2
DA:75,2
DA:76,2
DA:82,2
DA:83,1
DA:85,1
DA:91,2
DA:92,2
DA:93,2
DA:94,1
DA:95,2
DA:96,2
DA:100,2
DA:104,1
DA:106,1
DA:109,1
DA:110,2
DA:113,2
DA:115,1
DA:117,1
DA:118,2
DA:120,1
DA:121,1
DA:122,1
DA:123,1
DA:124,1
DA:127,1
DA:128,1
DA:130,1
DA:133,1
LF:51
LH:51
BRDA:21,1,0,1
BRDA:21,1,1,6
BRDA:31,2,0,1
BRDA:31,2,1,6
BRDA:31,3,0,7
BRDA:31,3,1,1
BRDA:64,4,0,1
BRDA:64,4,1,1
BRDA:82,5,0,1
BRDA:82,5,1,1
BRDA:93,6,0,1
BRDA:93,6,1,1
BRF:12
BRH:12
end_of_record
TN:
SF:/Users/cliffano/dev/workspace/repoman/lib/generator/gitorious.js
FN:10,Gitorious
FN:20,(anonymous_2)
FN:24,(anonymous_3)
FN:25,(anonymous_4)
FN:30,(anonymous_5)
FN:33,(anonymous_6)
FN:34,(anonymous_7)
FNF:7
FNH:7
FNDA:4,Gitorious
FNDA:2,(anonymous_2)
FNDA:2,(anonymous_3)
FNDA:2,(anonymous_4)
FNDA:2,(anonymous_5)
FNDA:1,(anonymous_6)
FNDA:2,(anonymous_7)
DA:1,1
DA:2,1
DA:10,1
DA:11,4
DA:20,1
DA:21,2
DA:22,2
DA:24,2
DA:25,2
DA:26,2
DA:30,2
DA:31,2
DA:32,2
DA:33,1
DA:34,1
DA:35,2
DA:39,2
DA:43,1
LF:18
LH:18
BRDA:32,1,0,1
BRDA:32,1,1,1
BRF:2
BRH:2
end_of_record
TN:
SF:/Users/cliffano/dev/workspace/repoman/lib/generator/local.js
FN:12,Local
FN:23,(anonymous_2)
FN:29,(anonymous_3)
FN:46,(anonymous_4)
FN:54,(anonymous_5)
FNF:5
FNH:5
FNDA:4,Local
FNDA:3,(anonymous_2)
FNDA:6,(anonymous_3)
FNDA:2,(anonymous_4)
FNDA:2,(anonymous_5)
DA:1,1
DA:2,1
DA:3,1
DA:4,1
DA:12,1
DA:13,4
DA:23,1
DA:25,3
DA:26,3
DA:27,3
DA:29,3
DA:31,6
DA:32,6
DA:34,6
DA:35,2
DA:37,4
DA:38,2
DA:43,3
DA:46,1
DA:48,2
DA:49,2
DA:51,2
DA:54,1
DA:56,2
DA:57,2
DA:59,2
DA:62,1
LF:27
LH:27
BRDA:34,1,0,2
BRDA:34,1,1,4
BRDA:37,2,0,2
BRDA:37,2,1,2
BRF:4
BRH:4
end_of_record
